<?xml version="1.0" encoding="UTF-8"?>
<!-- Generated by org.testng.reporters.JUnitReportReporter -->
<testsuite hostname="Debarnab-PC" name="testNgPackage.testingClass" tests="2" failures="0" timestamp="4 Nov 2016 16:02:35 GMT" time="0.013" errors="0">
  <testcase name="testcaseOne" time="0.007" classname="testNgPackage.testingClass"/>
  <testcase name="testcaseTwo" time="0.006" classname="testNgPackage.testingClass"/>
</testsuite> <!-- testNgPackage.testingClass -->
